
/home/runner/work/exp-effect-position-surface-iitb/exp-effect-position-surface-iitb/experiment/simulation/common_libraries/js/ts_components/collapse_step.js
   1:10  warning  'show_step' is defined but never used                 no-unused-vars
   2:5   warning  '$' is not defined                                    no-undef
   3:9   warning  '$' is not defined                                    no-undef
   6:10  warning  'hide_step' is defined but never used                 no-unused-vars
   7:5   warning  '$' is not defined                                    no-undef
   8:9   warning  '$' is not defined                                    no-undef
  11:10  warning  'get_collapse_btn_text' is defined but never used     no-unused-vars
  20:10  warning  'get_collapse_btn_element' is defined but never used  no-unused-vars
  29:10  warning  'hide_all_steps' is defined but never used            no-unused-vars
  31:9   warning  '$' is not defined                                    no-undef

/home/runner/work/exp-effect-position-surface-iitb/exp-effect-position-surface-iitb/experiment/simulation/common_libraries/js/ts_components/matrix.js
   27:26  warning  'MathJax' is not defined                                no-undef
   32:7   warning  'Matrix_Without_String' is defined but never used       no-unused-vars
   52:26  warning  'MathJax' is not defined                                no-undef
   56:10  warning  'get_matrix_html' is defined but never used             no-unused-vars
   87:13  warning  'row_html' is assigned a value but never used           no-unused-vars
   99:10  warning  'get_matrix_html_with_title' is defined but never used  no-unused-vars
  131:13  warning  'row_html' is assigned a value but never used           no-unused-vars
  143:10  warning  'convert_2d_to_1d_vector' is defined but never used     no-unused-vars
  156:10  warning  'convert_1d_to_2d_matrix' is defined but never used     no-unused-vars

/home/runner/work/exp-effect-position-surface-iitb/exp-effect-position-surface-iitb/experiment/simulation/common_libraries/js/ts_components/pannel.js
  8:7  warning  'Pannel' is defined but never used  no-unused-vars

/home/runner/work/exp-effect-position-surface-iitb/exp-effect-position-surface-iitb/experiment/simulation/common_libraries/js/ts_components/questions.js
   6:17  warning  'op1' is assigned a value but never used      no-unused-vars
   7:17  warning  'op2' is assigned a value but never used      no-unused-vars
   8:17  warning  'op3' is assigned a value but never used      no-unused-vars
   9:17  warning  'op4' is assigned a value but never used      no-unused-vars
  94:7   warning  'Question_Options' is defined but never used  no-unused-vars

/home/runner/work/exp-effect-position-surface-iitb/exp-effect-position-surface-iitb/experiment/simulation/common_libraries/js/ts_components/tables.js
   19:22  warning  'verify_values' is not defined                                     no-undef
  137:22  warning  'verify_values' is not defined                                     no-undef
  260:7   warning  'Verify_Rows_Cols_6_decimal_places' is defined but never used      no-unused-vars
  311:22  warning  'verify_values' is not defined                                     no-undef
  416:7   warning  'Verify_Rows_Cols_Custom_Fixed_Update1' is defined but never used  no-unused-vars
  468:7   warning  'Show_Table_Custom_Fixed' is defined but never used                no-unused-vars
  506:7   warning  'Verify_Rows_Cols_Strings' is defined but never used               no-unused-vars
  527:22  warning  'verify_values' is not defined                                     no-undef
  663:7   warning  'Display_Table' is defined but never used                          no-unused-vars

/home/runner/work/exp-effect-position-surface-iitb/exp-effect-position-surface-iitb/experiment/simulation/common_libraries/js/ts_math_library/general_math_functions.js
    1:10  warning  'verify_values' is defined but never used                   no-unused-vars
   17:10  warning  'random1' is defined but never used                         no-unused-vars
   21:10  warning  'std_deviation' is defined but never used                   no-unused-vars
   26:10  warning  'gauss' is defined but never used                           no-unused-vars
   56:10  warning  'hide_panel' is defined but never used                      no-unused-vars
   63:10  warning  'inverse_matrix' is defined but never used                  no-unused-vars
   96:10  warning  'matrix_multiplication' is defined but never used           no-unused-vars
  113:10  warning  'transpose_matrix' is defined but never used                no-unused-vars
  123:10  warning  'matrix_multiplication_8decimal' is defined but never used  no-unused-vars
  140:10  warning  'adjoint_2x2_matrix' is defined but never used              no-unused-vars
  145:10  warning  'find_deteminant' is defined but never used                 no-unused-vars
  174:10  warning  'get_Submatrix' is defined but never used                   no-unused-vars

/home/runner/work/exp-effect-position-surface-iitb/exp-effect-position-surface-iitb/experiment/simulation/common_libraries/js/ts_math_library/regression.js
   1:10  warning  'regression_linear' is defined but never used            no-unused-vars
  18:10  warning  'regression_linear_1variable' is defined but never used  no-unused-vars
  27:10  warning  'regression_linear_2variable' is defined but never used  no-unused-vars
  52:11  warning  'gauss' is not defined                                   no-undef

/home/runner/work/exp-effect-position-surface-iitb/exp-effect-position-surface-iitb/experiment/simulation/common_libraries/math.ob.js
  1:745  warning  'b' is already defined  no-redeclare

/home/runner/work/exp-effect-position-surface-iitb/exp-effect-position-surface-iitb/experiment/simulation/js/activity1.js
   15:9    warning  'MathJax' is not defined                        no-undef
   19:10   warning  'start_act1' is defined but never used          no-unused-vars
   24:20   warning  'get_collapse_btn_text' is not defined          no-undef
   34:72   warning  'D' is not defined                              no-undef
   34:115  warning  'Tf' is not defined                             no-undef
   35:62   warning  'Ts' is not defined                             no-undef
   68:25   warning  'nu' is not defined                             no-undef
   94:5    warning  'hide_all_steps' is not defined                 no-undef
   96:9    warning  'MathJax' is not defined                        no-undef
   99:9    warning  'show_step' is not defined                      no-undef
  104:5    warning  'D' is not defined                              no-undef
  104:20   warning  'random' is not defined                         no-undef
  105:16   warning  'random1' is not defined                        no-undef
  106:5    warning  'Ts' is not defined                             no-undef
  107:5    warning  'Tf' is not defined                             no-undef
  108:5    warning  'Tm' is not defined                             no-undef
  108:11   warning  'Ts' is not defined                             no-undef
  108:16   warning  'Tf' is not defined                             no-undef
  109:5    warning  'beta' is not defined                           no-undef
  109:17   warning  'Tm' is not defined                             no-undef
  110:5    warning  'del_T' is not defined                          no-undef
  110:13   warning  'Ts' is not defined                             no-undef
  110:18   warning  'Tf' is not defined                             no-undef
  111:5    warning  'A' is not defined                              no-undef
  111:34   warning  'D' is not defined                              no-undef
  112:22   warning  'D' is not defined                              no-undef
  114:23   warning  'Ts' is not defined                             no-undef
  115:23   warning  'Tf' is not defined                             no-undef
  116:23   warning  'Tm' is not defined                             no-undef
  117:25   warning  'beta' is not defined                           no-undef
  118:26   warning  'del_T' is not defined                          no-undef
  119:22   warning  'A' is not defined                              no-undef
  121:10   warning  'a1_verify_Tm' is defined but never used        no-unused-vars
  123:17   warning  'Tm' is not defined                             no-undef
  124:10   warning  'verify_values' is not defined                  no-undef
  124:47   warning  'Tm' is not defined                             no-undef
  138:43   warning  'Tm' is not defined                             no-undef
  138:47   warning  Unnecessary escape character: \°                no-useless-escape
  150:18   warning  Unnecessary escape character: \β                no-useless-escape
  162:9    warning  'MathJax' is not defined                        no-undef
  165:10   warning  'a1_verify_beta' is defined but never used      no-unused-vars
  167:17   warning  'beta' is not defined                           no-undef
  168:10   warning  'verify_values' is not defined                  no-undef
  168:47   warning  'beta' is not defined                           no-undef
  182:12   warning  Unnecessary escape character: \β                no-useless-escape
  182:48   warning  'beta' is not defined                           no-undef
  182:66   warning  Unnecessary escape character: \°                no-useless-escape
  191:9    warning  'MathJax' is not defined                        no-undef
  194:10   warning  'activity_completed' is defined but never used  no-unused-vars

/home/runner/work/exp-effect-position-surface-iitb/exp-effect-position-surface-iitb/experiment/simulation/js/activity1_p1.js
    2:10  warning  'activity1_p1' is defined but never used  no-unused-vars
    5:20  warning  'get_collapse_btn_text' is not defined    no-undef
   31:5   warning  'maindiv' is not defined                  no-undef
   32:5   warning  'hide_all_steps' is not defined           no-undef
   34:9   warning  'MathJax' is not defined                  no-undef
   37:9   warning  'show_step' is not defined                no-undef
   42:5   warning  'L_1' is not defined                      no-undef
   42:11  warning  'A' is not defined                        no-undef
   42:26  warning  'D' is not defined                        no-undef
   43:5   warning  'Gr_1' is not defined                     no-undef
   43:13  warning  'g' is not defined                        no-undef
   43:17  warning  'beta' is not defined                     no-undef
   43:24  warning  'del_T' is not defined                    no-undef
   43:41  warning  'L_1' is not defined                      no-undef
   43:61  warning  'nu' is not defined                       no-undef
   44:5   warning  'Nu_1' is not defined                     no-undef
   44:29  warning  'Gr_1' is not defined                     no-undef
   44:36  warning  'Pr' is not defined                       no-undef
   45:5   warning  'h_1' is not defined                      no-undef
   45:12  warning  'Nu_1' is not defined                     no-undef
   45:19  warning  'K' is not defined                        no-undef
   45:24  warning  'L_1' is not defined                      no-undef
   46:5   warning  'Q_1' is not defined                      no-undef
   46:11  warning  'h_1' is not defined                      no-undef
   46:17  warning  'A' is not defined                        no-undef
   46:21  warning  'del_T' is not defined                    no-undef
   47:24  warning  'L_1' is not defined                      no-undef
   48:25  warning  'Gr_1' is not defined                     no-undef
   49:25  warning  'Nu_1' is not defined                     no-undef
   50:24  warning  'h_1' is not defined                      no-undef
   51:24  warning  'Q_1' is not defined                      no-undef
   53:10  warning  'p1_verify_L' is defined but never used   no-unused-vars
   55:17  warning  'L_1' is not defined                      no-undef
   56:10  warning  'verify_values' is not defined            no-undef
   56:47  warning  'L_1' is not defined                      no-undef
   70:44  warning  'L_1' is not defined                      no-undef
   79:31  warning  Unnecessary escape character: \β          no-useless-escape
   79:33  warning  Unnecessary escape character: \Δ          no-useless-escape
   79:41  warning  Unnecessary escape character: \ν          no-useless-escape
   91:9   warning  'MathJax' is not defined                  no-undef
   94:10  warning  'p1_verify_Gr' is defined but never used  no-unused-vars
   96:17  warning  'Gr_1' is not defined                     no-undef
   97:10  warning  'verify_values' is not defined            no-undef
   97:47  warning  'Gr_1' is not defined                     no-undef
  111:25  warning  Unnecessary escape character: \β          no-useless-escape
  111:27  warning  Unnecessary escape character: \Δ          no-useless-escape
  111:35  warning  Unnecessary escape character: \ν          no-useless-escape
  111:56  warning  'Gr_1' is not defined                     no-undef
  132:9   warning  'MathJax' is not defined                  no-undef
  135:10  warning  'p1_verify_Nu' is defined but never used  no-unused-vars
  137:17  warning  'Nu_1' is not defined                     no-undef
  138:10  warning  'verify_values' is not defined            no-undef
  138:47  warning  'Nu_1' is not defined                     no-undef
  152:49  warning  'Nu_1' is not defined                     no-undef
  168:18  warning  Unnecessary escape character: \∴          no-useless-escape
  180:9   warning  'MathJax' is not defined                  no-undef
  183:10  warning  'p1_verify_h' is defined but never used   no-unused-vars
  185:17  warning  'h_1' is not defined                      no-undef
  186:10  warning  'verify_values' is not defined            no-undef
  186:47  warning  'h_1' is not defined                      no-undef
  200:12  warning  Unnecessary escape character: \∴          no-useless-escape
  200:49  warning  'h_1' is not defined                      no-undef
  211:24  warning  Unnecessary escape character: \Δ          no-useless-escape
  223:9   warning  'MathJax' is not defined                  no-undef
  226:10  warning  'p1_verify_Q' is defined but never used   no-unused-vars
  228:17  warning  'Q_1' is not defined                      no-undef
  229:10  warning  'verify_values' is not defined            no-undef
  229:47  warning  'Q_1' is not defined                      no-undef
  243:18  warning  Unnecessary escape character: \Δ          no-useless-escape
  243:38  warning  'Q_1' is not defined                      no-undef
  252:9   warning  'MathJax' is not defined                  no-undef

/home/runner/work/exp-effect-position-surface-iitb/exp-effect-position-surface-iitb/experiment/simulation/js/activity1_p2.js
    2:10  warning  'activity1_p2' is defined but never used  no-unused-vars
    5:20  warning  'get_collapse_btn_text' is not defined    no-undef
   31:5   warning  'maindiv' is not defined                  no-undef
   32:5   warning  'hide_all_steps' is not defined           no-undef
   34:9   warning  'MathJax' is not defined                  no-undef
   37:9   warning  'show_step' is not defined                no-undef
   42:5   warning  'Nu_2' is not defined                     no-undef
   42:29  warning  'Gr_1' is not defined                     no-undef
   42:36  warning  'Pr' is not defined                       no-undef
   43:5   warning  'h_2' is not defined                      no-undef
   43:12  warning  'Nu_2' is not defined                     no-undef
   43:19  warning  'K' is not defined                        no-undef
   43:24  warning  'L_1' is not defined                      no-undef
   44:5   warning  'Q_2' is not defined                      no-undef
   44:11  warning  'h_2' is not defined                      no-undef
   44:17  warning  'A' is not defined                        no-undef
   44:21  warning  'del_T' is not defined                    no-undef
   45:25  warning  'Nu_2' is not defined                     no-undef
   46:24  warning  'h_2' is not defined                      no-undef
   47:24  warning  'Q_2' is not defined                      no-undef
   49:10  warning  'p2_verify_Nu' is defined but never used  no-unused-vars
   51:17  warning  'Nu_2' is not defined                     no-undef
   52:10  warning  'verify_values' is not defined            no-undef
   52:47  warning  'Nu_2' is not defined                     no-undef
   66:49  warning  'Nu_2' is not defined                     no-undef
   82:18  warning  Unnecessary escape character: \∴          no-useless-escape
   94:9   warning  'MathJax' is not defined                  no-undef
   97:10  warning  'p2_verify_h' is defined but never used   no-unused-vars
   99:17  warning  'h_2' is not defined                      no-undef
  100:10  warning  'verify_values' is not defined            no-undef
  100:47  warning  'h_2' is not defined                      no-undef
  114:12  warning  Unnecessary escape character: \∴          no-useless-escape
  114:49  warning  'h_2' is not defined                      no-undef
  125:24  warning  Unnecessary escape character: \Δ          no-useless-escape
  137:9   warning  'MathJax' is not defined                  no-undef
  140:10  warning  'p2_verify_Q' is defined but never used   no-unused-vars
  142:17  warning  'Q_2' is not defined                      no-undef
  143:10  warning  'verify_values' is not defined            no-undef
  143:47  warning  'Q_2' is not defined                      no-undef
  157:18  warning  Unnecessary escape character: \Δ          no-useless-escape
  157:38  warning  'Q_2' is not defined                      no-undef
  166:9   warning  'MathJax' is not defined                  no-undef

/home/runner/work/exp-effect-position-surface-iitb/exp-effect-position-surface-iitb/experiment/simulation/js/activity1_p3.js
    2:10  warning  'activity1_p3' is defined but never used  no-unused-vars
    5:20  warning  'get_collapse_btn_text' is not defined    no-undef
   31:5   warning  'maindiv' is not defined                  no-undef
   32:5   warning  'hide_all_steps' is not defined           no-undef
   34:9   warning  'MathJax' is not defined                  no-undef
   37:9   warning  'show_step' is not defined                no-undef
   42:5   warning  'L_3' is not defined                      no-undef
   42:11  warning  'D' is not defined                        no-undef
   43:5   warning  'Gr_3' is not defined                     no-undef
   43:13  warning  'g' is not defined                        no-undef
   43:17  warning  'beta' is not defined                     no-undef
   43:24  warning  'del_T' is not defined                    no-undef
   43:41  warning  'L_3' is not defined                      no-undef
   43:61  warning  'nu' is not defined                       no-undef
   44:5   warning  'Nu_3' is not defined                     no-undef
   44:29  warning  'Gr_3' is not defined                     no-undef
   44:36  warning  'Pr' is not defined                       no-undef
   45:5   warning  'h_3' is not defined                      no-undef
   45:12  warning  'Nu_3' is not defined                     no-undef
   45:19  warning  'K' is not defined                        no-undef
   45:24  warning  'L_3' is not defined                      no-undef
   46:5   warning  'Q_3' is not defined                      no-undef
   46:11  warning  'h_3' is not defined                      no-undef
   46:17  warning  'A' is not defined                        no-undef
   46:21  warning  'del_T' is not defined                    no-undef
   47:24  warning  'L_3' is not defined                      no-undef
   48:25  warning  'Gr_3' is not defined                     no-undef
   49:25  warning  'Nu_3' is not defined                     no-undef
   50:24  warning  'h_3' is not defined                      no-undef
   51:24  warning  'Q_3' is not defined                      no-undef
   53:10  warning  'p3_verify_L' is defined but never used   no-unused-vars
   55:17  warning  'L_3' is not defined                      no-undef
   56:10  warning  'verify_values' is not defined            no-undef
   56:47  warning  'L_3' is not defined                      no-undef
   70:33  warning  'L_3' is not defined                      no-undef
   79:31  warning  Unnecessary escape character: \β          no-useless-escape
   79:33  warning  Unnecessary escape character: \Δ          no-useless-escape
   79:41  warning  Unnecessary escape character: \ν          no-useless-escape
   91:9   warning  'MathJax' is not defined                  no-undef
   94:10  warning  'p3_verify_Gr' is defined but never used  no-unused-vars
   96:17  warning  'Gr_3' is not defined                     no-undef
   97:10  warning  'verify_values' is not defined            no-undef
   97:47  warning  'Gr_3' is not defined                     no-undef
  111:25  warning  Unnecessary escape character: \β          no-useless-escape
  111:27  warning  Unnecessary escape character: \Δ          no-useless-escape
  111:35  warning  Unnecessary escape character: \ν          no-useless-escape
  111:56  warning  'Gr_3' is not defined                     no-undef
  132:9   warning  'MathJax' is not defined                  no-undef
  135:10  warning  'p3_verify_Nu' is defined but never used  no-unused-vars
  137:17  warning  'Nu_3' is not defined                     no-undef
  138:10  warning  'verify_values' is not defined            no-undef
  138:47  warning  'Nu_3' is not defined                     no-undef
  152:49  warning  'Nu_3' is not defined                     no-undef
  168:18  warning  Unnecessary escape character: \∴          no-useless-escape
  180:9   warning  'MathJax' is not defined                  no-undef
  183:10  warning  'p3_verify_h' is defined but never used   no-unused-vars
  185:17  warning  'h_3' is not defined                      no-undef
  186:10  warning  'verify_values' is not defined            no-undef
  186:47  warning  'h_3' is not defined                      no-undef
  200:12  warning  Unnecessary escape character: \∴          no-useless-escape
  200:49  warning  'h_3' is not defined                      no-undef
  211:24  warning  Unnecessary escape character: \Δ          no-useless-escape
  223:9   warning  'MathJax' is not defined                  no-undef
  226:10  warning  'p3_verify_Q' is defined but never used   no-unused-vars
  228:17  warning  'Q_3' is not defined                      no-undef
  229:10  warning  'verify_values' is not defined            no-undef
  229:47  warning  'Q_3' is not defined                      no-undef
  243:18  warning  Unnecessary escape character: \Δ          no-useless-escape
  243:38  warning  'Q_3' is not defined                      no-undef
  252:9   warning  'MathJax' is not defined                  no-undef

/home/runner/work/exp-effect-position-surface-iitb/exp-effect-position-surface-iitb/experiment/simulation/js/data.js
   1:5  warning  'D' is assigned a value but never used      no-unused-vars
   2:5  warning  'Tf' is assigned a value but never used     no-unused-vars
   3:5  warning  'Ts' is assigned a value but never used     no-unused-vars
   4:5  warning  'K' is assigned a value but never used      no-unused-vars
   5:5  warning  'Pr' is assigned a value but never used     no-unused-vars
   6:5  warning  'nu' is assigned a value but never used     no-unused-vars
   7:5  warning  'g' is assigned a value but never used      no-unused-vars
   8:5  warning  'Tm' is defined but never used              no-unused-vars
   9:5  warning  'beta' is defined but never used            no-unused-vars
  10:5  warning  'del_T' is defined but never used           no-unused-vars
  11:5  warning  'A' is defined but never used               no-unused-vars
  13:5  warning  'Nu_1' is defined but never used            no-unused-vars
  14:5  warning  'L_1' is defined but never used             no-unused-vars
  15:5  warning  'Gr_1' is defined but never used            no-unused-vars
  16:5  warning  'h_1' is defined but never used             no-unused-vars
  17:5  warning  'Q_1' is defined but never used             no-unused-vars
  19:5  warning  'Nu_2' is defined but never used            no-unused-vars
  20:5  warning  'h_2' is defined but never used             no-unused-vars
  21:5  warning  'Q_2' is defined but never used             no-unused-vars
  23:5  warning  'Nu_3' is defined but never used            no-unused-vars
  24:5  warning  'L_3' is defined but never used             no-unused-vars
  25:5  warning  'Gr_3' is defined but never used            no-unused-vars
  26:5  warning  'h_3' is defined but never used             no-unused-vars
  27:5  warning  'Q_3' is defined but never used             no-unused-vars
  28:5  warning  'inc' is defined but never used             no-unused-vars
  29:5  warning  'Q_a2' is assigned a value but never used   no-unused-vars
  30:5  warning  'r2_a2' is assigned a value but never used  no-unused-vars
  31:5  warning  'r_c1' is defined but never used            no-unused-vars

/home/runner/work/exp-effect-position-surface-iitb/exp-effect-position-surface-iitb/experiment/simulation/js/screen_size.js
  1:10  warning  'set_screen_size' is defined but never used  no-unused-vars

✖ 312 problems (0 errors, 312 warnings)

